Analysis & Synthesis report for TinyCPU
Wed Aug 30 16:08:26 2017
Quartus Prime Version 17.0.0 Build 595 04/25/2017 SJ Lite Edition


---------------------
; Table of Contents ;
---------------------
  1. Legal Notice
  2. Analysis & Synthesis Summary
  3. Analysis & Synthesis Settings
  4. Parallel Compilation
  5. Analysis & Synthesis Source Files Read
  6. Analysis & Synthesis Resource Usage Summary
  7. Analysis & Synthesis Resource Utilization by Entity
  8. User-Specified and Inferred Latches
  9. General Register Statistics
 10. Multiplexer Restructuring Statistics (Restructuring Performed)
 11. Post-Synthesis Netlist Statistics for Top Partition
 12. Elapsed Time Per Partition
 13. Analysis & Synthesis Messages



----------------
; Legal Notice ;
----------------
Copyright (C) 2017  Intel Corporation. All rights reserved.
Your use of Intel Corporation's design tools, logic functions 
and other software and tools, and its AMPP partner logic 
functions, and any output files from any of the foregoing 
(including device programming or simulation files), and any 
associated documentation or information are expressly subject 
to the terms and conditions of the Intel Program License 
Subscription Agreement, the Intel Quartus Prime License Agreement,
the Intel MegaCore Function License Agreement, or other 
applicable license agreement, including, without limitation, 
that your use is for the sole purpose of programming logic 
devices manufactured by Intel and sold by Intel or its 
authorized distributors.  Please refer to the applicable 
agreement for further details.



+----------------------------------------------------------------------------------+
; Analysis & Synthesis Summary                                                     ;
+------------------------------------+---------------------------------------------+
; Analysis & Synthesis Status        ; Successful - Wed Aug 30 16:08:26 2017       ;
; Quartus Prime Version              ; 17.0.0 Build 595 04/25/2017 SJ Lite Edition ;
; Revision Name                      ; TinyCPU                                     ;
; Top-level Entity Name              ; TinyCPU                                     ;
; Family                             ; Cyclone IV E                                ;
; Total logic elements               ; 120                                         ;
;     Total combinational functions  ; 96                                          ;
;     Dedicated logic registers      ; 48                                          ;
; Total registers                    ; 48                                          ;
; Total pins                         ; 37                                          ;
; Total virtual pins                 ; 0                                           ;
; Total memory bits                  ; 0                                           ;
; Embedded Multiplier 9-bit elements ; 0                                           ;
; Total PLLs                         ; 0                                           ;
+------------------------------------+---------------------------------------------+


+----------------------------------------------------------------------------------------------------------------------+
; Analysis & Synthesis Settings                                                                                        ;
+----------------------------------------------------------------------------+--------------------+--------------------+
; Option                                                                     ; Setting            ; Default Value      ;
+----------------------------------------------------------------------------+--------------------+--------------------+
; Top-level entity name                                                      ; TinyCPU            ; TinyCPU            ;
; Family name                                                                ; Cyclone IV E       ; Cyclone V          ;
; Use smart compilation                                                      ; Off                ; Off                ;
; Enable parallel Assembler and TimeQuest Timing Analyzer during compilation ; On                 ; On                 ;
; Enable compact report table                                                ; Off                ; Off                ;
; Restructure Multiplexers                                                   ; Auto               ; Auto               ;
; Create Debugging Nodes for IP Cores                                        ; Off                ; Off                ;
; Preserve fewer node names                                                  ; On                 ; On                 ;
; OpenCore Plus hardware evaluation                                          ; Enable             ; Enable             ;
; Verilog Version                                                            ; Verilog_2001       ; Verilog_2001       ;
; VHDL Version                                                               ; VHDL_1993          ; VHDL_1993          ;
; State Machine Processing                                                   ; Auto               ; Auto               ;
; Safe State Machine                                                         ; Off                ; Off                ;
; Extract Verilog State Machines                                             ; On                 ; On                 ;
; Extract VHDL State Machines                                                ; On                 ; On                 ;
; Ignore Verilog initial constructs                                          ; Off                ; Off                ;
; Iteration limit for constant Verilog loops                                 ; 5000               ; 5000               ;
; Iteration limit for non-constant Verilog loops                             ; 250                ; 250                ;
; Add Pass-Through Logic to Inferred RAMs                                    ; On                 ; On                 ;
; Infer RAMs from Raw Logic                                                  ; On                 ; On                 ;
; Parallel Synthesis                                                         ; On                 ; On                 ;
; DSP Block Balancing                                                        ; Auto               ; Auto               ;
; NOT Gate Push-Back                                                         ; On                 ; On                 ;
; Power-Up Don't Care                                                        ; On                 ; On                 ;
; Remove Redundant Logic Cells                                               ; Off                ; Off                ;
; Remove Duplicate Registers                                                 ; On                 ; On                 ;
; Ignore CARRY Buffers                                                       ; Off                ; Off                ;
; Ignore CASCADE Buffers                                                     ; Off                ; Off                ;
; Ignore GLOBAL Buffers                                                      ; Off                ; Off                ;
; Ignore ROW GLOBAL Buffers                                                  ; Off                ; Off                ;
; Ignore LCELL Buffers                                                       ; Off                ; Off                ;
; Ignore SOFT Buffers                                                        ; On                 ; On                 ;
; Limit AHDL Integers to 32 Bits                                             ; Off                ; Off                ;
; Optimization Technique                                                     ; Balanced           ; Balanced           ;
; Carry Chain Length                                                         ; 70                 ; 70                 ;
; Auto Carry Chains                                                          ; On                 ; On                 ;
; Auto Open-Drain Pins                                                       ; On                 ; On                 ;
; Perform WYSIWYG Primitive Resynthesis                                      ; Off                ; Off                ;
; Auto ROM Replacement                                                       ; On                 ; On                 ;
; Auto RAM Replacement                                                       ; On                 ; On                 ;
; Auto DSP Block Replacement                                                 ; On                 ; On                 ;
; Auto Shift Register Replacement                                            ; Auto               ; Auto               ;
; Allow Shift Register Merging across Hierarchies                            ; Auto               ; Auto               ;
; Auto Clock Enable Replacement                                              ; On                 ; On                 ;
; Strict RAM Replacement                                                     ; Off                ; Off                ;
; Allow Synchronous Control Signals                                          ; On                 ; On                 ;
; Force Use of Synchronous Clear Signals                                     ; Off                ; Off                ;
; Auto RAM Block Balancing                                                   ; On                 ; On                 ;
; Auto RAM to Logic Cell Conversion                                          ; Off                ; Off                ;
; Auto Resource Sharing                                                      ; Off                ; Off                ;
; Allow Any RAM Size For Recognition                                         ; Off                ; Off                ;
; Allow Any ROM Size For Recognition                                         ; Off                ; Off                ;
; Allow Any Shift Register Size For Recognition                              ; Off                ; Off                ;
; Use LogicLock Constraints during Resource Balancing                        ; On                 ; On                 ;
; Ignore translate_off and synthesis_off directives                          ; Off                ; Off                ;
; Timing-Driven Synthesis                                                    ; On                 ; On                 ;
; Report Parameter Settings                                                  ; On                 ; On                 ;
; Report Source Assignments                                                  ; On                 ; On                 ;
; Report Connectivity Checks                                                 ; On                 ; On                 ;
; Ignore Maximum Fan-Out Assignments                                         ; Off                ; Off                ;
; Synchronization Register Chain Length                                      ; 2                  ; 2                  ;
; PowerPlay Power Optimization During Synthesis                              ; Normal compilation ; Normal compilation ;
; HDL message level                                                          ; Level2             ; Level2             ;
; Suppress Register Optimization Related Messages                            ; Off                ; Off                ;
; Number of Removed Registers Reported in Synthesis Report                   ; 5000               ; 5000               ;
; Number of Swept Nodes Reported in Synthesis Report                         ; 5000               ; 5000               ;
; Number of Inverted Registers Reported in Synthesis Report                  ; 100                ; 100                ;
; Clock MUX Protection                                                       ; On                 ; On                 ;
; Auto Gated Clock Conversion                                                ; Off                ; Off                ;
; Block Design Naming                                                        ; Auto               ; Auto               ;
; SDC constraint protection                                                  ; Off                ; Off                ;
; Synthesis Effort                                                           ; Auto               ; Auto               ;
; Shift Register Replacement - Allow Asynchronous Clear Signal               ; On                 ; On                 ;
; Pre-Mapping Resynthesis Optimization                                       ; Off                ; Off                ;
; Analysis & Synthesis Message Level                                         ; Medium             ; Medium             ;
; Disable Register Merging Across Hierarchies                                ; Auto               ; Auto               ;
; Resource Aware Inference For Block RAM                                     ; On                 ; On                 ;
+----------------------------------------------------------------------------+--------------------+--------------------+


+------------------------------------------+
; Parallel Compilation                     ;
+----------------------------+-------------+
; Processors                 ; Number      ;
+----------------------------+-------------+
; Number detected on machine ; 8           ;
; Maximum allowed            ; 4           ;
;                            ;             ;
; Average used               ; 1.00        ;
; Maximum used               ; 4           ;
;                            ;             ;
; Usage by Processor         ; % Time Used ;
;     Processor 1            ; 100.0%      ;
;     Processor 2            ;   0.0%      ;
;     Processors 3-4         ;   0.0%      ;
+----------------------------+-------------+


+-------------------------------------------------------------------------------------------------------------------------------------------------------------+
; Analysis & Synthesis Source Files Read                                                                                                                      ;
+----------------------------------+-----------------+------------------------+---------------------------------------------------------------------+---------+
; File Name with User-Entered Path ; Used in Netlist ; File Type              ; File Name with Absolute Path                                        ; Library ;
+----------------------------------+-----------------+------------------------+---------------------------------------------------------------------+---------+
; TinyCPU.v                        ; yes             ; User Verilog HDL File  ; C:/Users/anda0/Documents/CSE 140L Projects/HW4/TinyCPU.v            ;         ;
; InstructionDecoder.v             ; yes             ; User Verilog HDL File  ; C:/Users/anda0/Documents/CSE 140L Projects/HW4/InstructionDecoder.v ;         ;
; BusSplit.v                       ; yes             ; User Verilog HDL File  ; C:/Users/anda0/Documents/CSE 140L Projects/HW4/BusSplit.v           ;         ;
; MUX8To1.v                        ; yes             ; User Verilog HDL File  ; C:/Users/anda0/Documents/CSE 140L Projects/HW4/MUX8To1.v            ;         ;
; MUX2To1.v                        ; yes             ; User Verilog HDL File  ; C:/Users/anda0/Documents/CSE 140L Projects/HW4/MUX2To1.v            ;         ;
; Adder.v                          ; yes             ; User Verilog HDL File  ; C:/Users/anda0/Documents/CSE 140L Projects/HW4/Adder.v              ;         ;
; Comparator.v                     ; yes             ; User Verilog HDL File  ; C:/Users/anda0/Documents/CSE 140L Projects/HW4/Comparator.v         ;         ;
; ShiftRight.v                     ; yes             ; User Verilog HDL File  ; C:/Users/anda0/Documents/CSE 140L Projects/HW4/ShiftRight.v         ;         ;
; ShiftLeft.v                      ; yes             ; User Verilog HDL File  ; C:/Users/anda0/Documents/CSE 140L Projects/HW4/ShiftLeft.v          ;         ;
; Register8bit.v                   ; yes             ; User Verilog HDL File  ; C:/Users/anda0/Documents/CSE 140L Projects/HW4/Register8bit.v       ;         ;
; BitwiseAND.v                     ; yes             ; User Verilog HDL File  ; C:/Users/anda0/Documents/CSE 140L Projects/HW4/BitwiseAND.v         ;         ;
; BitwiseOR.v                      ; yes             ; User Verilog HDL File  ; C:/Users/anda0/Documents/CSE 140L Projects/HW4/BitwiseOR.v          ;         ;
; BitwiseXOR.v                     ; yes             ; User Verilog HDL File  ; C:/Users/anda0/Documents/CSE 140L Projects/HW4/BitwiseXOR.v         ;         ;
; BitwiseNAND.v                    ; yes             ; User Verilog HDL File  ; C:/Users/anda0/Documents/CSE 140L Projects/HW4/BitwiseNAND.v        ;         ;
; alu.v                            ; yes             ; User Verilog HDL File  ; C:/Users/anda0/Documents/CSE 140L Projects/HW4/alu.v                ;         ;
+----------------------------------+-----------------+------------------------+---------------------------------------------------------------------+---------+


+---------------------------------------------------------+
; Analysis & Synthesis Resource Usage Summary             ;
+---------------------------------------------+-----------+
; Resource                                    ; Usage     ;
+---------------------------------------------+-----------+
; Estimated Total logic elements              ; 120       ;
;                                             ;           ;
; Total combinational functions               ; 96        ;
; Logic element usage by number of LUT inputs ;           ;
;     -- 4 input functions                    ; 42        ;
;     -- 3 input functions                    ; 34        ;
;     -- <=2 input functions                  ; 20        ;
;                                             ;           ;
; Logic elements by mode                      ;           ;
;     -- normal mode                          ; 82        ;
;     -- arithmetic mode                      ; 14        ;
;                                             ;           ;
; Total registers                             ; 48        ;
;     -- Dedicated logic registers            ; 48        ;
;     -- I/O registers                        ; 0         ;
;                                             ;           ;
; I/O pins                                    ; 37        ;
;                                             ;           ;
; Embedded Multiplier 9-bit elements          ; 0         ;
;                                             ;           ;
; Maximum fan-out node                        ; Clk~input ;
; Maximum fan-out                             ; 48        ;
; Total fan-out                               ; 507       ;
; Average fan-out                             ; 2.33      ;
+---------------------------------------------+-----------+


+----------------------------------------------------------------------------------------------------------------------------------------------------------------------------------------------------------------------------------------+
; Analysis & Synthesis Resource Utilization by Entity                                                                                                                                                                                    ;
+---------------------------------+---------------------+---------------------------+-------------+--------------+---------+-----------+------+--------------+---------------------------------------+--------------------+--------------+
; Compilation Hierarchy Node      ; Combinational ALUTs ; Dedicated Logic Registers ; Memory Bits ; DSP Elements ; DSP 9x9 ; DSP 18x18 ; Pins ; Virtual Pins ; Full Hierarchy Name                   ; Entity Name        ; Library Name ;
+---------------------------------+---------------------+---------------------------+-------------+--------------+---------+-----------+------+--------------+---------------------------------------+--------------------+--------------+
; |TinyCPU                        ; 96 (0)              ; 48 (24)                   ; 0           ; 0            ; 0       ; 0         ; 37   ; 0            ; |TinyCPU                              ; TinyCPU            ; work         ;
;    |ALU:alu|                    ; 16 (0)              ; 0 (0)                     ; 0           ; 0            ; 0       ; 0         ; 0    ; 0            ; |TinyCPU|ALU:alu                      ; ALU                ; work         ;
;       |Adder:wire_ADD|          ; 8 (8)               ; 0 (0)                     ; 0           ; 0            ; 0       ; 0         ; 0    ; 0            ; |TinyCPU|ALU:alu|Adder:wire_ADD       ; Adder              ; work         ;
;       |Comparator:wire_Comp|    ; 8 (8)               ; 0 (0)                     ; 0           ; 0            ; 0       ; 0         ; 0    ; 0            ; |TinyCPU|ALU:alu|Comparator:wire_Comp ; Comparator         ; work         ;
;    |InstructionDecoder:decoder| ; 17 (17)             ; 0 (0)                     ; 0           ; 0            ; 0       ; 0         ; 0    ; 0            ; |TinyCPU|InstructionDecoder:decoder   ; InstructionDecoder ; work         ;
;    |MUX8To1:wire_RegOut_D|      ; 11 (11)             ; 0 (0)                     ; 0           ; 0            ; 0       ; 0         ; 0    ; 0            ; |TinyCPU|MUX8To1:wire_RegOut_D        ; MUX8To1            ; work         ;
;    |Register8bit:RegisterA|     ; 8 (8)               ; 8 (8)                     ; 0           ; 0            ; 0       ; 0         ; 0    ; 0            ; |TinyCPU|Register8bit:RegisterA       ; Register8bit       ; work         ;
;    |Register8bit:RegisterB|     ; 8 (8)               ; 8 (8)                     ; 0           ; 0            ; 0       ; 0         ; 0    ; 0            ; |TinyCPU|Register8bit:RegisterB       ; Register8bit       ; work         ;
;    |Register8bit:RegisterOut|   ; 36 (36)             ; 8 (8)                     ; 0           ; 0            ; 0       ; 0         ; 0    ; 0            ; |TinyCPU|Register8bit:RegisterOut     ; Register8bit       ; work         ;
+---------------------------------+---------------------+---------------------------+-------------+--------------+---------+-----------+------+--------------+---------------------------------------+--------------------+--------------+
Note: For table entries with two numbers listed, the numbers in parentheses indicate the number of resources of the given type used by the specific entity alone. The numbers listed outside of parentheses indicate the total resources of the given type used by the specific entity and all of its sub-entities in the hierarchy.


+-------------------------------------------------------------------------------------------------------------------+
; User-Specified and Inferred Latches                                                                               ;
+----------------------------------------------------+-------------------------------------+------------------------+
; Latch Name                                         ; Latch Enable Signal                 ; Free of Timing Hazards ;
+----------------------------------------------------+-------------------------------------+------------------------+
; InstructionDecoder:decoder|S1                      ; InstructionDecoder:decoder|WideOr7  ; yes                    ;
; InstructionDecoder:decoder|S3                      ; InstructionDecoder:decoder|WideOr7  ; yes                    ;
; InstructionDecoder:decoder|S2                      ; InstructionDecoder:decoder|WideOr7  ; yes                    ;
; InstructionDecoder:decoder|CLR                     ; InstructionDecoder:decoder|WideOr0  ; yes                    ;
; InstructionDecoder:decoder|EN_OUT                  ; InstructionDecoder:decoder|WideOr0  ; yes                    ;
; InstructionDecoder:decoder|EN_A                    ; InstructionDecoder:decoder|WideOr0  ; yes                    ;
; InstructionDecoder:decoder|S0                      ; InstructionDecoder:decoder|WideOr14 ; yes                    ;
; InstructionDecoder:decoder|EN_B                    ; InstructionDecoder:decoder|WideOr0  ; yes                    ;
; Number of user-specified and inferred latches = 8  ;                                     ;                        ;
+----------------------------------------------------+-------------------------------------+------------------------+
Note: All latches listed above may not be present at the end of synthesis due to various synthesis optimizations.


+------------------------------------------------------+
; General Register Statistics                          ;
+----------------------------------------------+-------+
; Statistic                                    ; Value ;
+----------------------------------------------+-------+
; Total registers                              ; 48    ;
; Number of registers using Synchronous Clear  ; 16    ;
; Number of registers using Synchronous Load   ; 0     ;
; Number of registers using Asynchronous Clear ; 0     ;
; Number of registers using Asynchronous Load  ; 0     ;
; Number of registers using Clock Enable       ; 24    ;
; Number of registers using Preset             ; 0     ;
+----------------------------------------------+-------+


+---------------------------------------------------------------------------------------------------------------------------------------------------------+
; Multiplexer Restructuring Statistics (Restructuring Performed)                                                                                          ;
+--------------------+-----------+---------------+----------------------+------------------------+------------+-------------------------------------------+
; Multiplexer Inputs ; Bus Width ; Baseline Area ; Area if Restructured ; Saving if Restructured ; Registered ; Example Multiplexer Output                ;
+--------------------+-----------+---------------+----------------------+------------------------+------------+-------------------------------------------+
; 3:1                ; 8 bits    ; 16 LEs        ; 16 LEs               ; 0 LEs                  ; Yes        ; |TinyCPU|Register8bit:RegisterB|Qout[0]   ;
; 9:1                ; 6 bits    ; 36 LEs        ; 36 LEs               ; 0 LEs                  ; Yes        ; |TinyCPU|Register8bit:RegisterOut|Qout[1] ;
+--------------------+-----------+---------------+----------------------+------------------------+------------+-------------------------------------------+


+-----------------------------------------------------+
; Post-Synthesis Netlist Statistics for Top Partition ;
+-----------------------+-----------------------------+
; Type                  ; Count                       ;
+-----------------------+-----------------------------+
; boundary_port         ; 37                          ;
; cycloneiii_ff         ; 48                          ;
;     ENA               ; 8                           ;
;     ENA SCLR          ; 16                          ;
;     plain             ; 24                          ;
; cycloneiii_lcell_comb ; 96                          ;
;     arith             ; 14                          ;
;         3 data inputs ; 14                          ;
;     normal            ; 82                          ;
;         2 data inputs ; 20                          ;
;         3 data inputs ; 20                          ;
;         4 data inputs ; 42                          ;
;                       ;                             ;
; Max LUT depth         ; 4.60                        ;
; Average LUT depth     ; 2.46                        ;
+-----------------------+-----------------------------+


+-------------------------------+
; Elapsed Time Per Partition    ;
+----------------+--------------+
; Partition Name ; Elapsed Time ;
+----------------+--------------+
; Top            ; 00:00:01     ;
+----------------+--------------+


+-------------------------------+
; Analysis & Synthesis Messages ;
+-------------------------------+
Info: *******************************************************************
Info: Running Quartus Prime Analysis & Synthesis
    Info: Version 17.0.0 Build 595 04/25/2017 SJ Lite Edition
    Info: Processing started: Wed Aug 30 16:08:13 2017
Info: Command: quartus_map --read_settings_files=on --write_settings_files=off TinyCPU -c TinyCPU
Warning (18236): Number of processors has not been specified which may cause overloading on shared machines.  Set the global assignment NUM_PARALLEL_PROCESSORS in your QSF to an appropriate value for best performance.
Info (20030): Parallel compilation is enabled and will use 4 of the 4 processors detected
Info (12021): Found 1 design units, including 1 entities, in source file tinycpu.v
    Info (12023): Found entity 1: TinyCPU File: C:/Users/anda0/Documents/CSE 140L Projects/HW4/TinyCPU.v Line: 21
Info (12021): Found 1 design units, including 1 entities, in source file instructiondecoder.v
    Info (12023): Found entity 1: InstructionDecoder File: C:/Users/anda0/Documents/CSE 140L Projects/HW4/InstructionDecoder.v Line: 42
Info (12021): Found 1 design units, including 1 entities, in source file bussplit.v
    Info (12023): Found entity 1: BusSplit File: C:/Users/anda0/Documents/CSE 140L Projects/HW4/BusSplit.v Line: 19
Info (12021): Found 1 design units, including 1 entities, in source file mux8to1.v
    Info (12023): Found entity 1: MUX8To1 File: C:/Users/anda0/Documents/CSE 140L Projects/HW4/MUX8To1.v Line: 19
Info (12021): Found 1 design units, including 1 entities, in source file mux2to1.v
    Info (12023): Found entity 1: MUX2To1 File: C:/Users/anda0/Documents/CSE 140L Projects/HW4/MUX2To1.v Line: 19
Info (12021): Found 1 design units, including 1 entities, in source file adder.v
    Info (12023): Found entity 1: Adder File: C:/Users/anda0/Documents/CSE 140L Projects/HW4/Adder.v Line: 18
Info (12021): Found 1 design units, including 1 entities, in source file comparator.v
    Info (12023): Found entity 1: Comparator File: C:/Users/anda0/Documents/CSE 140L Projects/HW4/Comparator.v Line: 18
Info (12021): Found 1 design units, including 1 entities, in source file shiftright.v
    Info (12023): Found entity 1: ShiftRight File: C:/Users/anda0/Documents/CSE 140L Projects/HW4/ShiftRight.v Line: 18
Info (12021): Found 1 design units, including 1 entities, in source file shiftleft.v
    Info (12023): Found entity 1: ShiftLeft File: C:/Users/anda0/Documents/CSE 140L Projects/HW4/ShiftLeft.v Line: 18
Info (12021): Found 1 design units, including 1 entities, in source file register8bit.v
    Info (12023): Found entity 1: Register8bit File: C:/Users/anda0/Documents/CSE 140L Projects/HW4/Register8bit.v Line: 21
Info (12021): Found 1 design units, including 1 entities, in source file bitwiseand.v
    Info (12023): Found entity 1: BitwiseAND File: C:/Users/anda0/Documents/CSE 140L Projects/HW4/BitwiseAND.v Line: 18
Info (12021): Found 1 design units, including 1 entities, in source file bitwiseor.v
    Info (12023): Found entity 1: BitwiseOR File: C:/Users/anda0/Documents/CSE 140L Projects/HW4/BitwiseOR.v Line: 18
Info (12021): Found 1 design units, including 1 entities, in source file bitwisexor.v
    Info (12023): Found entity 1: BitwiseXOR File: C:/Users/anda0/Documents/CSE 140L Projects/HW4/BitwiseXOR.v Line: 18
Info (12021): Found 1 design units, including 1 entities, in source file bitwisenand.v
    Info (12023): Found entity 1: BitwiseNAND File: C:/Users/anda0/Documents/CSE 140L Projects/HW4/BitwiseNAND.v Line: 18
Info (12021): Found 1 design units, including 1 entities, in source file alu.v
    Info (12023): Found entity 1: ALU File: C:/Users/anda0/Documents/CSE 140L Projects/HW4/alu.v Line: 25
Info (12127): Elaborating entity "TinyCPU" for the top level hierarchy
Info (12128): Elaborating entity "InstructionDecoder" for hierarchy "InstructionDecoder:decoder" File: C:/Users/anda0/Documents/CSE 140L Projects/HW4/TinyCPU.v Line: 59
Warning (10240): Verilog HDL Always Construct warning at InstructionDecoder.v(49): inferring latch(es) for variable "CLR", which holds its previous value in one or more paths through the always construct File: C:/Users/anda0/Documents/CSE 140L Projects/HW4/InstructionDecoder.v Line: 49
Warning (10240): Verilog HDL Always Construct warning at InstructionDecoder.v(49): inferring latch(es) for variable "EN_A", which holds its previous value in one or more paths through the always construct File: C:/Users/anda0/Documents/CSE 140L Projects/HW4/InstructionDecoder.v Line: 49
Warning (10240): Verilog HDL Always Construct warning at InstructionDecoder.v(49): inferring latch(es) for variable "EN_B", which holds its previous value in one or more paths through the always construct File: C:/Users/anda0/Documents/CSE 140L Projects/HW4/InstructionDecoder.v Line: 49
Warning (10240): Verilog HDL Always Construct warning at InstructionDecoder.v(49): inferring latch(es) for variable "EN_OUT", which holds its previous value in one or more paths through the always construct File: C:/Users/anda0/Documents/CSE 140L Projects/HW4/InstructionDecoder.v Line: 49
Warning (10240): Verilog HDL Always Construct warning at InstructionDecoder.v(49): inferring latch(es) for variable "S1", which holds its previous value in one or more paths through the always construct File: C:/Users/anda0/Documents/CSE 140L Projects/HW4/InstructionDecoder.v Line: 49
Warning (10240): Verilog HDL Always Construct warning at InstructionDecoder.v(49): inferring latch(es) for variable "S2", which holds its previous value in one or more paths through the always construct File: C:/Users/anda0/Documents/CSE 140L Projects/HW4/InstructionDecoder.v Line: 49
Warning (10240): Verilog HDL Always Construct warning at InstructionDecoder.v(49): inferring latch(es) for variable "S3", which holds its previous value in one or more paths through the always construct File: C:/Users/anda0/Documents/CSE 140L Projects/HW4/InstructionDecoder.v Line: 49
Warning (10240): Verilog HDL Always Construct warning at InstructionDecoder.v(49): inferring latch(es) for variable "S0", which holds its previous value in one or more paths through the always construct File: C:/Users/anda0/Documents/CSE 140L Projects/HW4/InstructionDecoder.v Line: 49
Info (10041): Inferred latch for "S0" at InstructionDecoder.v(49) File: C:/Users/anda0/Documents/CSE 140L Projects/HW4/InstructionDecoder.v Line: 49
Info (10041): Inferred latch for "S3" at InstructionDecoder.v(49) File: C:/Users/anda0/Documents/CSE 140L Projects/HW4/InstructionDecoder.v Line: 49
Info (10041): Inferred latch for "S2" at InstructionDecoder.v(49) File: C:/Users/anda0/Documents/CSE 140L Projects/HW4/InstructionDecoder.v Line: 49
Info (10041): Inferred latch for "S1" at InstructionDecoder.v(49) File: C:/Users/anda0/Documents/CSE 140L Projects/HW4/InstructionDecoder.v Line: 49
Info (10041): Inferred latch for "EN_OUT" at InstructionDecoder.v(49) File: C:/Users/anda0/Documents/CSE 140L Projects/HW4/InstructionDecoder.v Line: 49
Info (10041): Inferred latch for "EN_B" at InstructionDecoder.v(49) File: C:/Users/anda0/Documents/CSE 140L Projects/HW4/InstructionDecoder.v Line: 49
Info (10041): Inferred latch for "EN_A" at InstructionDecoder.v(49) File: C:/Users/anda0/Documents/CSE 140L Projects/HW4/InstructionDecoder.v Line: 49
Info (10041): Inferred latch for "CLR" at InstructionDecoder.v(49) File: C:/Users/anda0/Documents/CSE 140L Projects/HW4/InstructionDecoder.v Line: 49
Info (12128): Elaborating entity "BusSplit" for hierarchy "BusSplit:parsing" File: C:/Users/anda0/Documents/CSE 140L Projects/HW4/TinyCPU.v Line: 67
Info (12128): Elaborating entity "Register8bit" for hierarchy "Register8bit:RegisterA" File: C:/Users/anda0/Documents/CSE 140L Projects/HW4/TinyCPU.v Line: 78
Info (12128): Elaborating entity "ALU" for hierarchy "ALU:alu" File: C:/Users/anda0/Documents/CSE 140L Projects/HW4/TinyCPU.v Line: 111
Info (12128): Elaborating entity "Adder" for hierarchy "ALU:alu|Adder:wire_ADD" File: C:/Users/anda0/Documents/CSE 140L Projects/HW4/alu.v Line: 37
Info (12128): Elaborating entity "ShiftLeft" for hierarchy "ALU:alu|ShiftLeft:wire_SL" File: C:/Users/anda0/Documents/CSE 140L Projects/HW4/alu.v Line: 38
Info (12128): Elaborating entity "ShiftRight" for hierarchy "ALU:alu|ShiftRight:wire_SR" File: C:/Users/anda0/Documents/CSE 140L Projects/HW4/alu.v Line: 39
Info (12128): Elaborating entity "BitwiseAND" for hierarchy "ALU:alu|BitwiseAND:wire_AND" File: C:/Users/anda0/Documents/CSE 140L Projects/HW4/alu.v Line: 40
Info (12128): Elaborating entity "BitwiseOR" for hierarchy "ALU:alu|BitwiseOR:wire_OR" File: C:/Users/anda0/Documents/CSE 140L Projects/HW4/alu.v Line: 41
Info (12128): Elaborating entity "BitwiseXOR" for hierarchy "ALU:alu|BitwiseXOR:wire_XOR" File: C:/Users/anda0/Documents/CSE 140L Projects/HW4/alu.v Line: 42
Info (12128): Elaborating entity "BitwiseNAND" for hierarchy "ALU:alu|BitwiseNAND:wire_NAND" File: C:/Users/anda0/Documents/CSE 140L Projects/HW4/alu.v Line: 43
Info (12128): Elaborating entity "Comparator" for hierarchy "ALU:alu|Comparator:wire_Comp" File: C:/Users/anda0/Documents/CSE 140L Projects/HW4/alu.v Line: 44
Info (12128): Elaborating entity "MUX2To1" for hierarchy "MUX2To1:wire_RegB_D" File: C:/Users/anda0/Documents/CSE 140L Projects/HW4/TinyCPU.v Line: 121
Info (12128): Elaborating entity "MUX8To1" for hierarchy "MUX8To1:wire_RegOut_D" File: C:/Users/anda0/Documents/CSE 140L Projects/HW4/TinyCPU.v Line: 135
Warning (10235): Verilog HDL Always Construct warning at MUX8To1.v(28): variable "A" is read inside the Always Construct but isn't in the Always Construct's Event Control File: C:/Users/anda0/Documents/CSE 140L Projects/HW4/MUX8To1.v Line: 28
Warning (10235): Verilog HDL Always Construct warning at MUX8To1.v(29): variable "B" is read inside the Always Construct but isn't in the Always Construct's Event Control File: C:/Users/anda0/Documents/CSE 140L Projects/HW4/MUX8To1.v Line: 29
Warning (10235): Verilog HDL Always Construct warning at MUX8To1.v(30): variable "C" is read inside the Always Construct but isn't in the Always Construct's Event Control File: C:/Users/anda0/Documents/CSE 140L Projects/HW4/MUX8To1.v Line: 30
Warning (10235): Verilog HDL Always Construct warning at MUX8To1.v(31): variable "D" is read inside the Always Construct but isn't in the Always Construct's Event Control File: C:/Users/anda0/Documents/CSE 140L Projects/HW4/MUX8To1.v Line: 31
Warning (10235): Verilog HDL Always Construct warning at MUX8To1.v(32): variable "E" is read inside the Always Construct but isn't in the Always Construct's Event Control File: C:/Users/anda0/Documents/CSE 140L Projects/HW4/MUX8To1.v Line: 32
Warning (10235): Verilog HDL Always Construct warning at MUX8To1.v(33): variable "F" is read inside the Always Construct but isn't in the Always Construct's Event Control File: C:/Users/anda0/Documents/CSE 140L Projects/HW4/MUX8To1.v Line: 33
Warning (10235): Verilog HDL Always Construct warning at MUX8To1.v(34): variable "G" is read inside the Always Construct but isn't in the Always Construct's Event Control File: C:/Users/anda0/Documents/CSE 140L Projects/HW4/MUX8To1.v Line: 34
Warning (10235): Verilog HDL Always Construct warning at MUX8To1.v(35): variable "H" is read inside the Always Construct but isn't in the Always Construct's Event Control File: C:/Users/anda0/Documents/CSE 140L Projects/HW4/MUX8To1.v Line: 35
Warning (13012): Latch InstructionDecoder:decoder|S1 has unsafe behavior File: C:/Users/anda0/Documents/CSE 140L Projects/HW4/InstructionDecoder.v Line: 46
    Warning (13013): Ports D and ENA on the latch are fed by the same signal In[10] File: C:/Users/anda0/Documents/CSE 140L Projects/HW4/TinyCPU.v Line: 22
Warning (13012): Latch InstructionDecoder:decoder|CLR has unsafe behavior File: C:/Users/anda0/Documents/CSE 140L Projects/HW4/InstructionDecoder.v Line: 44
    Warning (13013): Ports D and ENA on the latch are fed by the same signal In[10] File: C:/Users/anda0/Documents/CSE 140L Projects/HW4/TinyCPU.v Line: 22
Warning (13012): Latch InstructionDecoder:decoder|EN_OUT has unsafe behavior File: C:/Users/anda0/Documents/CSE 140L Projects/HW4/InstructionDecoder.v Line: 45
    Warning (13013): Ports D and ENA on the latch are fed by the same signal In[10] File: C:/Users/anda0/Documents/CSE 140L Projects/HW4/TinyCPU.v Line: 22
Warning (13012): Latch InstructionDecoder:decoder|EN_A has unsafe behavior File: C:/Users/anda0/Documents/CSE 140L Projects/HW4/InstructionDecoder.v Line: 45
    Warning (13013): Ports D and ENA on the latch are fed by the same signal In[10] File: C:/Users/anda0/Documents/CSE 140L Projects/HW4/TinyCPU.v Line: 22
Warning (13012): Latch InstructionDecoder:decoder|S0 has unsafe behavior File: C:/Users/anda0/Documents/CSE 140L Projects/HW4/InstructionDecoder.v Line: 46
    Warning (13013): Ports D and ENA on the latch are fed by the same signal In[9] File: C:/Users/anda0/Documents/CSE 140L Projects/HW4/TinyCPU.v Line: 22
Warning (13012): Latch InstructionDecoder:decoder|EN_B has unsafe behavior File: C:/Users/anda0/Documents/CSE 140L Projects/HW4/InstructionDecoder.v Line: 45
    Warning (13013): Ports D and ENA on the latch are fed by the same signal In[10] File: C:/Users/anda0/Documents/CSE 140L Projects/HW4/TinyCPU.v Line: 22
Info (286030): Timing-Driven Synthesis is running
Info (16010): Generating hard_block partition "hard_block:auto_generated_inst"
    Info (16011): Adding 0 node(s), including 0 DDIO, 0 PLL, 0 transceiver and 0 LCELL
Info (21057): Implemented 157 device resources after synthesis - the final resource count might be different
    Info (21058): Implemented 13 input pins
    Info (21059): Implemented 24 output pins
    Info (21061): Implemented 120 logic cells
Info: Quartus Prime Analysis & Synthesis was successful. 0 errors, 29 warnings
    Info: Peak virtual memory: 650 megabytes
    Info: Processing ended: Wed Aug 30 16:08:26 2017
    Info: Elapsed time: 00:00:13
    Info: Total CPU time (on all processors): 00:00:23


